 ************* SALES & LAYAWAY TOTALS ***********************

 TOTAL SALE & LAYAWAY TRANSACTIONS:  101

 TOTAL SALE & LAYWAY AMOUNT:      $23,958.75

 TOTAL SALE & LAYAWAY CASH TRANSACTIONS:       $8,330.00 TOTAL SALE & LAYAWAY DEBIT TRANSACTIONS:      $12,759.04
 TOTAL SALE & LAYAWAY CREDIT TRANSACTIONS:       $2,869.71

 ************* SALES ****************************************

 TOTAL SALE TRANSACTIONS:   83

 TOTAL SALE AMOUNT:      $20,678.91

 ************* LAYAWAY **************************************

 TOTAL LAYAWAY TRANSACTIONS:   18

 TOTAL LAYAWAY AMOUNT:       $3,279.84

 ************* RETURNS **************************************

 TOTAL RETURN TRANSACTIONS:   15

 TOTAL RETURN AMOUNT:         $604.88

 ************* SALES & LAYAWAY BY STORE *********************

 TOTAL SALES & LAYAWAY AMOUNT FOR STORE 1 :   $3,589.85

 TOTAL SALES & LAYAWAY AMOUNT FOR STORE 2 :   $4,019.79

 TOTAL SALES & LAYAWAY AMOUNT FOR STORE 3 :   $2,129.88

 TOTAL SALES & LAYAWAY AMOUNT FOR STORE 4 :  $14,219.23

 ************* RETURNS BY STORE ******************************

 TOTAL RETURNS AMOUNT FOR STORE 1 :     $169.96

 TOTAL RETURNS AMOUNT FOR STORE 2 :     $244.96

 TOTAL RETURNS AMOUNT FOR STORE 3 :       $0.00

 TOTAL RETURNS AMOUNT FOR STORE 4 :     $189.96